app/build/intermediates/manifest_merge_blame_file/debug/manifest-merger-blame-debug-report.txt
1<?xml version="1.0" encoding="utf-8"?>
2<manifest xmlns:android="http://schemas.android.com/apk/res/android"
3    package="com.bigOne.stayfitadmin"
4    android:versionCode="1"
5    android:versionName="1.0.1-dev01" >
6
7    <uses-sdk
8        android:minSdkVersion="26"
8-->src\main\AndroidManifest.xml
9        android:targetSdkVersion="33" />
9-->src\main\AndroidManifest.xml
10
11    <uses-permission android:name="android.permission.ACCESS_NETWORK_STATE" />
11-->[com.firebaseui:firebase-ui-auth:7.2.0] AndroidManifest.xml:12:5-79
11-->[com.firebaseui:firebase-ui-auth:7.2.0] AndroidManifest.xml:12:22-76
12    <uses-permission android:name="android.permission.INTERNET" />
12-->[com.firebaseui:firebase-ui-auth:7.2.0] AndroidManifest.xml:13:5-67
12-->[com.firebaseui:firebase-ui-auth:7.2.0] AndroidManifest.xml:13:22-64
13    <uses-permission android:name="android.permission.WAKE_LOCK" />
13-->[com.google.android.gms:play-services-measurement-api:21.5.1] AndroidManifest.xml:24:5-68
13-->[com.google.android.gms:play-services-measurement-api:21.5.1] AndroidManifest.xml:24:22-65
14    <uses-permission android:name="com.google.android.gms.permission.AD_ID" />
14-->[com.google.android.gms:play-services-measurement-api:21.5.1] AndroidManifest.xml:25:5-79
14-->[com.google.android.gms:play-services-measurement-api:21.5.1] AndroidManifest.xml:25:22-76
15    <uses-permission android:name="android.permission.ACCESS_ADSERVICES_ATTRIBUTION" />
15-->[com.google.android.gms:play-services-measurement-api:21.5.1] AndroidManifest.xml:26:5-88
15-->[com.google.android.gms:play-services-measurement-api:21.5.1] AndroidManifest.xml:26:22-85
16    <uses-permission android:name="android.permission.ACCESS_ADSERVICES_AD_ID" />
16-->[com.google.android.gms:play-services-measurement-api:21.5.1] AndroidManifest.xml:27:5-82
16-->[com.google.android.gms:play-services-measurement-api:21.5.1] AndroidManifest.xml:27:22-79
17    <uses-permission android:name="com.google.android.providers.gsf.permission.READ_GSERVICES" />
17-->[com.google.android.recaptcha:recaptcha:18.4.0] AndroidManifest.xml:9:5-98
17-->[com.google.android.recaptcha:recaptcha:18.4.0] AndroidManifest.xml:9:22-95
18    <uses-permission android:name="com.google.android.finsky.permission.BIND_GET_INSTALL_REFERRER_SERVICE" />
18-->[com.google.android.gms:play-services-measurement:21.5.1] AndroidManifest.xml:26:5-110
18-->[com.google.android.gms:play-services-measurement:21.5.1] AndroidManifest.xml:26:22-107
19
20    <permission
20-->[androidx.core:core:1.13.0] AndroidManifest.xml:22:5-24:47
21        android:name="com.bigOne.stayfitadmin.DYNAMIC_RECEIVER_NOT_EXPORTED_PERMISSION"
21-->[androidx.core:core:1.13.0] AndroidManifest.xml:23:9-81
22        android:protectionLevel="signature" />
22-->[androidx.core:core:1.13.0] AndroidManifest.xml:24:9-44
23
24    <uses-permission android:name="com.bigOne.stayfitadmin.DYNAMIC_RECEIVER_NOT_EXPORTED_PERMISSION" />
24-->[androidx.core:core:1.13.0] AndroidManifest.xml:26:5-97
24-->[androidx.core:core:1.13.0] AndroidManifest.xml:26:22-94
25
26    <application
26-->src\main\AndroidManifest.xml:5:5-25:19
27        android:allowBackup="true"
27-->src\main\AndroidManifest.xml:6:9-35
28        android:appComponentFactory="androidx.core.app.CoreComponentFactory"
28-->[androidx.core:core:1.13.0] AndroidManifest.xml:28:18-86
29        android:dataExtractionRules="@xml/data_extraction_rules"
29-->src\main\AndroidManifest.xml:7:9-65
30        android:debuggable="true"
31        android:extractNativeLibs="false"
32        android:fullBackupContent="@xml/backup_rules"
32-->src\main\AndroidManifest.xml:8:9-54
33        android:icon="@mipmap/ic_launcher"
33-->src\main\AndroidManifest.xml:9:9-43
34        android:label="@string/app_name"
34-->src\main\AndroidManifest.xml:10:9-41
35        android:roundIcon="@mipmap/ic_launcher_round"
35-->src\main\AndroidManifest.xml:11:9-54
36        android:supportsRtl="true"
36-->src\main\AndroidManifest.xml:12:9-35
37        android:testOnly="true"
38        android:theme="@style/Theme.StayFit" >
38-->src\main\AndroidManifest.xml:13:9-45
39        <activity
39-->src\main\AndroidManifest.xml:16:9-23:20
40            android:name="com.bigOne.stayfitadmin.ui.Login.LoginActivity"
40-->src\main\AndroidManifest.xml:17:13-51
41            android:exported="true" >
41-->src\main\AndroidManifest.xml:18:13-36
42            <intent-filter>
42-->src\main\AndroidManifest.xml:19:13-22:29
43                <action android:name="android.intent.action.MAIN" />
43-->src\main\AndroidManifest.xml:20:17-69
43-->src\main\AndroidManifest.xml:20:25-66
44
45                <category android:name="android.intent.category.LAUNCHER" />
45-->src\main\AndroidManifest.xml:21:17-77
45-->src\main\AndroidManifest.xml:21:27-74
46            </intent-filter>
47        </activity>
48        <activity android:name="com.bigOne.stayfitadmin.MainActivity" />
48-->src\main\AndroidManifest.xml:24:9-49
48-->src\main\AndroidManifest.xml:24:19-47
49
50        <meta-data
50-->[com.firebaseui:firebase-ui-auth:7.2.0] AndroidManifest.xml:16:9-18:69
51            android:name="com.google.android.gms.version"
51-->[com.firebaseui:firebase-ui-auth:7.2.0] AndroidManifest.xml:17:13-58
52            android:value="@integer/google_play_services_version" />
52-->[com.firebaseui:firebase-ui-auth:7.2.0] AndroidManifest.xml:18:13-66
53        <meta-data
53-->[com.firebaseui:firebase-ui-auth:7.2.0] AndroidManifest.xml:19:9-21:63
54            android:name="com.facebook.sdk.ApplicationId"
54-->[com.firebaseui:firebase-ui-auth:7.2.0] AndroidManifest.xml:20:13-58
55            android:value="@string/facebook_application_id" />
55-->[com.firebaseui:firebase-ui-auth:7.2.0] AndroidManifest.xml:21:13-60
56
57        <activity
57-->[com.firebaseui:firebase-ui-auth:7.2.0] AndroidManifest.xml:23:9-27:61
58            android:name="com.firebase.ui.auth.KickoffActivity"
58-->[com.firebaseui:firebase-ui-auth:7.2.0] AndroidManifest.xml:24:13-64
59            android:exported="false"
59-->[com.firebaseui:firebase-ui-auth:7.2.0] AndroidManifest.xml:25:13-37
60            android:label=""
60-->[com.firebaseui:firebase-ui-auth:7.2.0] AndroidManifest.xml:26:13-29
61            android:theme="@style/FirebaseUI.Transparent" />
61-->[com.firebaseui:firebase-ui-auth:7.2.0] AndroidManifest.xml:27:13-58
62        <activity
62-->[com.firebaseui:firebase-ui-auth:7.2.0] AndroidManifest.xml:28:9-32:61
63            android:name="com.firebase.ui.auth.ui.idp.SingleSignInActivity"
63-->[com.firebaseui:firebase-ui-auth:7.2.0] AndroidManifest.xml:29:13-76
64            android:exported="false"
64-->[com.firebaseui:firebase-ui-auth:7.2.0] AndroidManifest.xml:30:13-37
65            android:label=""
65-->[com.firebaseui:firebase-ui-auth:7.2.0] AndroidManifest.xml:31:13-29
66            android:theme="@style/FirebaseUI.Transparent" />
66-->[com.firebaseui:firebase-ui-auth:7.2.0] AndroidManifest.xml:32:13-58
67        <activity
67-->[com.firebaseui:firebase-ui-auth:7.2.0] AndroidManifest.xml:33:9-37:61
68            android:name="com.firebase.ui.auth.ui.credentials.CredentialSaveActivity"
68-->[com.firebaseui:firebase-ui-auth:7.2.0] AndroidManifest.xml:34:13-86
69            android:exported="false"
69-->[com.firebaseui:firebase-ui-auth:7.2.0] AndroidManifest.xml:35:13-37
70            android:label=""
70-->[com.firebaseui:firebase-ui-auth:7.2.0] AndroidManifest.xml:36:13-29
71            android:theme="@style/FirebaseUI.Transparent" />
71-->[com.firebaseui:firebase-ui-auth:7.2.0] AndroidManifest.xml:37:13-58
72        <activity
72-->[com.firebaseui:firebase-ui-auth:7.2.0] AndroidManifest.xml:38:9-42:58
73            android:name="com.firebase.ui.auth.ui.email.RecoverPasswordActivity"
73-->[com.firebaseui:firebase-ui-auth:7.2.0] AndroidManifest.xml:39:13-81
74            android:exported="false"
74-->[com.firebaseui:firebase-ui-auth:7.2.0] AndroidManifest.xml:40:13-37
75            android:label="@string/fui_title_recover_password_activity"
75-->[com.firebaseui:firebase-ui-auth:7.2.0] AndroidManifest.xml:41:13-72
76            android:windowSoftInputMode="adjustResize" />
76-->[com.firebaseui:firebase-ui-auth:7.2.0] AndroidManifest.xml:42:13-55
77        <activity
77-->[com.firebaseui:firebase-ui-auth:7.2.0] AndroidManifest.xml:43:9-47:58
78            android:name="com.firebase.ui.auth.ui.email.EmailActivity"
78-->[com.firebaseui:firebase-ui-auth:7.2.0] AndroidManifest.xml:44:13-71
79            android:exported="false"
79-->[com.firebaseui:firebase-ui-auth:7.2.0] AndroidManifest.xml:45:13-37
80            android:label="@string/fui_sign_in_default"
80-->[com.firebaseui:firebase-ui-auth:7.2.0] AndroidManifest.xml:46:13-56
81            android:windowSoftInputMode="adjustResize" />
81-->[com.firebaseui:firebase-ui-auth:7.2.0] AndroidManifest.xml:47:13-55
82        <activity
82-->[com.firebaseui:firebase-ui-auth:7.2.0] AndroidManifest.xml:48:9-52:77
83            android:name="com.firebase.ui.auth.ui.phone.PhoneActivity"
83-->[com.firebaseui:firebase-ui-auth:7.2.0] AndroidManifest.xml:49:13-71
84            android:exported="false"
84-->[com.firebaseui:firebase-ui-auth:7.2.0] AndroidManifest.xml:50:13-37
85            android:label="@string/fui_sign_in_with_phone_number"
85-->[com.firebaseui:firebase-ui-auth:7.2.0] AndroidManifest.xml:51:13-66
86            android:windowSoftInputMode="adjustResize|stateAlwaysVisible" />
86-->[com.firebaseui:firebase-ui-auth:7.2.0] AndroidManifest.xml:52:13-74
87        <activity
87-->[com.firebaseui:firebase-ui-auth:7.2.0] AndroidManifest.xml:53:9-57:58
88            android:name="com.firebase.ui.auth.ui.idp.WelcomeBackIdpPrompt"
88-->[com.firebaseui:firebase-ui-auth:7.2.0] AndroidManifest.xml:54:13-76
89            android:exported="false"
89-->[com.firebaseui:firebase-ui-auth:7.2.0] AndroidManifest.xml:55:13-37
90            android:label="@string/fui_title_welcome_back_idp_prompt"
90-->[com.firebaseui:firebase-ui-auth:7.2.0] AndroidManifest.xml:56:13-70
91            android:windowSoftInputMode="adjustResize" />
91-->[com.firebaseui:firebase-ui-auth:7.2.0] AndroidManifest.xml:57:13-55
92        <activity
92-->[com.firebaseui:firebase-ui-auth:7.2.0] AndroidManifest.xml:58:9-62:58
93            android:name="com.firebase.ui.auth.ui.email.WelcomeBackPasswordPrompt"
93-->[com.firebaseui:firebase-ui-auth:7.2.0] AndroidManifest.xml:59:13-83
94            android:exported="false"
94-->[com.firebaseui:firebase-ui-auth:7.2.0] AndroidManifest.xml:60:13-37
95            android:label="@string/fui_title_welcome_back_password_prompt"
95-->[com.firebaseui:firebase-ui-auth:7.2.0] AndroidManifest.xml:61:13-75
96            android:windowSoftInputMode="adjustResize" />
96-->[com.firebaseui:firebase-ui-auth:7.2.0] AndroidManifest.xml:62:13-55
97        <activity
97-->[com.firebaseui:firebase-ui-auth:7.2.0] AndroidManifest.xml:63:9-67:58
98            android:name="com.firebase.ui.auth.ui.email.WelcomeBackEmailLinkPrompt"
98-->[com.firebaseui:firebase-ui-auth:7.2.0] AndroidManifest.xml:64:13-84
99            android:exported="false"
99-->[com.firebaseui:firebase-ui-auth:7.2.0] AndroidManifest.xml:65:13-37
100            android:label="@string/fui_title_welcome_back_password_prompt"
100-->[com.firebaseui:firebase-ui-auth:7.2.0] AndroidManifest.xml:66:13-75
101            android:windowSoftInputMode="adjustResize" />
101-->[com.firebaseui:firebase-ui-auth:7.2.0] AndroidManifest.xml:67:13-55
102        <activity
102-->[com.firebaseui:firebase-ui-auth:7.2.0] AndroidManifest.xml:68:9-73:58
103            android:name="com.firebase.ui.auth.ui.email.EmailLinkCatcherActivity"
103-->[com.firebaseui:firebase-ui-auth:7.2.0] AndroidManifest.xml:69:13-82
104            android:exported="false"
104-->[com.firebaseui:firebase-ui-auth:7.2.0] AndroidManifest.xml:70:13-37
105            android:label=""
105-->[com.firebaseui:firebase-ui-auth:7.2.0] AndroidManifest.xml:71:13-29
106            android:theme="@style/FirebaseUI.Transparent"
106-->[com.firebaseui:firebase-ui-auth:7.2.0] AndroidManifest.xml:72:13-58
107            android:windowSoftInputMode="adjustResize" />
107-->[com.firebaseui:firebase-ui-auth:7.2.0] AndroidManifest.xml:73:13-55
108        <activity
108-->[com.firebaseui:firebase-ui-auth:7.2.0] AndroidManifest.xml:74:9-78:58
109            android:name="com.firebase.ui.auth.ui.email.EmailLinkErrorRecoveryActivity"
109-->[com.firebaseui:firebase-ui-auth:7.2.0] AndroidManifest.xml:75:13-88
110            android:exported="false"
110-->[com.firebaseui:firebase-ui-auth:7.2.0] AndroidManifest.xml:76:13-37
111            android:label="@string/fui_sign_in_default"
111-->[com.firebaseui:firebase-ui-auth:7.2.0] AndroidManifest.xml:77:13-56
112            android:windowSoftInputMode="adjustResize" />
112-->[com.firebaseui:firebase-ui-auth:7.2.0] AndroidManifest.xml:78:13-55
113        <activity
113-->[com.firebaseui:firebase-ui-auth:7.2.0] AndroidManifest.xml:79:9-82:65
114            android:name="com.firebase.ui.auth.ui.idp.AuthMethodPickerActivity"
114-->[com.firebaseui:firebase-ui-auth:7.2.0] AndroidManifest.xml:80:13-80
115            android:exported="false"
115-->[com.firebaseui:firebase-ui-auth:7.2.0] AndroidManifest.xml:81:13-37
116            android:label="@string/fui_default_toolbar_title" />
116-->[com.firebaseui:firebase-ui-auth:7.2.0] AndroidManifest.xml:82:13-62
117        <activity
117-->[com.firebaseui:firebase-ui-auth:7.2.0] AndroidManifest.xml:83:9-87:48
118            android:name="com.facebook.FacebookActivity"
118-->[com.firebaseui:firebase-ui-auth:7.2.0] AndroidManifest.xml:84:13-57
119            android:configChanges="keyboard|keyboardHidden|screenLayout|screenSize|orientation"
119-->[com.firebaseui:firebase-ui-auth:7.2.0] AndroidManifest.xml:85:13-96
120            android:label="@string/app_name" />
120-->[com.firebaseui:firebase-ui-auth:7.2.0] AndroidManifest.xml:86:13-45
121        <activity
121-->[com.firebaseui:firebase-ui-auth:7.2.0] AndroidManifest.xml:88:9-100:20
122            android:name="com.facebook.CustomTabActivity"
122-->[com.firebaseui:firebase-ui-auth:7.2.0] AndroidManifest.xml:89:13-58
123            android:exported="true" >
123-->[com.firebaseui:firebase-ui-auth:7.2.0] AndroidManifest.xml:90:13-36
124            <intent-filter>
124-->[com.firebaseui:firebase-ui-auth:7.2.0] AndroidManifest.xml:92:13-99:29
125                <action android:name="android.intent.action.VIEW" />
125-->[com.firebaseui:firebase-ui-auth:7.2.0] AndroidManifest.xml:93:17-69
125-->[com.firebaseui:firebase-ui-auth:7.2.0] AndroidManifest.xml:93:25-66
126
127                <category android:name="android.intent.category.DEFAULT" />
127-->[com.firebaseui:firebase-ui-auth:7.2.0] AndroidManifest.xml:95:17-76
127-->[com.firebaseui:firebase-ui-auth:7.2.0] AndroidManifest.xml:95:27-73
128                <category android:name="android.intent.category.BROWSABLE" />
128-->[com.firebaseui:firebase-ui-auth:7.2.0] AndroidManifest.xml:96:17-78
128-->[com.firebaseui:firebase-ui-auth:7.2.0] AndroidManifest.xml:96:27-75
129
130                <data android:scheme="@string/facebook_login_protocol_scheme" />
130-->[com.firebaseui:firebase-ui-auth:7.2.0] AndroidManifest.xml:98:17-81
130-->[com.firebaseui:firebase-ui-auth:7.2.0] AndroidManifest.xml:98:23-78
131            </intent-filter>
132        </activity>
133
134        <provider
134-->[com.firebaseui:firebase-ui-auth:7.2.0] AndroidManifest.xml:102:9-106:38
135            android:name="com.firebase.ui.auth.data.client.AuthUiInitProvider"
135-->[com.firebaseui:firebase-ui-auth:7.2.0] AndroidManifest.xml:103:13-79
136            android:authorities="com.bigOne.stayfitadmin.authuiinitprovider"
136-->[com.firebaseui:firebase-ui-auth:7.2.0] AndroidManifest.xml:104:13-70
137            android:exported="false"
137-->[com.firebaseui:firebase-ui-auth:7.2.0] AndroidManifest.xml:105:13-37
138            android:initOrder="90" />
138-->[com.firebaseui:firebase-ui-auth:7.2.0] AndroidManifest.xml:106:13-35
139
140        <service
140-->[com.google.firebase:firebase-database-ktx:20.3.1] AndroidManifest.xml:9:9-15:19
141            android:name="com.google.firebase.components.ComponentDiscoveryService"
141-->[com.google.firebase:firebase-database-ktx:20.3.1] AndroidManifest.xml:10:13-84
142            android:directBootAware="true"
142-->[com.google.firebase:firebase-common:20.4.2] AndroidManifest.xml:32:13-43
143            android:exported="false" >
143-->[com.google.firebase:firebase-database-ktx:20.3.1] AndroidManifest.xml:11:13-37
144            <meta-data
144-->[com.google.firebase:firebase-database-ktx:20.3.1] AndroidManifest.xml:12:13-14:85
145                android:name="com.google.firebase.components:com.google.firebase.database.ktx.FirebaseDatabaseLegacyRegistrar"
145-->[com.google.firebase:firebase-database-ktx:20.3.1] AndroidManifest.xml:13:17-127
146                android:value="com.google.firebase.components.ComponentRegistrar" />
146-->[com.google.firebase:firebase-database-ktx:20.3.1] AndroidManifest.xml:14:17-82
147            <meta-data
147-->[com.google.firebase:firebase-firestore-ktx:24.11.1] AndroidManifest.xml:12:13-14:85
148                android:name="com.google.firebase.components:com.google.firebase.firestore.ktx.FirebaseFirestoreLegacyRegistrar"
148-->[com.google.firebase:firebase-firestore-ktx:24.11.1] AndroidManifest.xml:13:17-129
149                android:value="com.google.firebase.components.ComponentRegistrar" />
149-->[com.google.firebase:firebase-firestore-ktx:24.11.1] AndroidManifest.xml:14:17-82
150            <meta-data
150-->[com.google.firebase:firebase-auth:22.3.1] AndroidManifest.xml:69:13-71:85
151                android:name="com.google.firebase.components:com.google.firebase.auth.FirebaseAuthRegistrar"
151-->[com.google.firebase:firebase-auth:22.3.1] AndroidManifest.xml:70:17-109
152                android:value="com.google.firebase.components.ComponentRegistrar" />
152-->[com.google.firebase:firebase-auth:22.3.1] AndroidManifest.xml:71:17-82
153            <meta-data
153-->[com.google.firebase:firebase-firestore:24.11.1] AndroidManifest.xml:17:13-19:85
154                android:name="com.google.firebase.components:com.google.firebase.firestore.FirebaseFirestoreKtxRegistrar"
154-->[com.google.firebase:firebase-firestore:24.11.1] AndroidManifest.xml:18:17-122
155                android:value="com.google.firebase.components.ComponentRegistrar" />
155-->[com.google.firebase:firebase-firestore:24.11.1] AndroidManifest.xml:19:17-82
156            <meta-data
156-->[com.google.firebase:firebase-firestore:24.11.1] AndroidManifest.xml:20:13-22:85
157                android:name="com.google.firebase.components:com.google.firebase.firestore.FirestoreRegistrar"
157-->[com.google.firebase:firebase-firestore:24.11.1] AndroidManifest.xml:21:17-111
158                android:value="com.google.firebase.components.ComponentRegistrar" />
158-->[com.google.firebase:firebase-firestore:24.11.1] AndroidManifest.xml:22:17-82
159            <meta-data
159-->[com.google.android.gms:play-services-measurement-api:21.5.1] AndroidManifest.xml:37:13-39:85
160                android:name="com.google.firebase.components:com.google.firebase.analytics.connector.internal.AnalyticsConnectorRegistrar"
160-->[com.google.android.gms:play-services-measurement-api:21.5.1] AndroidManifest.xml:38:17-139
161                android:value="com.google.firebase.components.ComponentRegistrar" />
161-->[com.google.android.gms:play-services-measurement-api:21.5.1] AndroidManifest.xml:39:17-82
162            <meta-data
162-->[com.google.firebase:firebase-database:20.3.1] AndroidManifest.xml:29:13-31:85
163                android:name="com.google.firebase.components:com.google.firebase.database.FirebaseDatabaseKtxRegistrar"
163-->[com.google.firebase:firebase-database:20.3.1] AndroidManifest.xml:30:17-120
164                android:value="com.google.firebase.components.ComponentRegistrar" />
164-->[com.google.firebase:firebase-database:20.3.1] AndroidManifest.xml:31:17-82
165            <meta-data
165-->[com.google.firebase:firebase-database:20.3.1] AndroidManifest.xml:32:13-34:85
166                android:name="com.google.firebase.components:com.google.firebase.database.DatabaseRegistrar"
166-->[com.google.firebase:firebase-database:20.3.1] AndroidManifest.xml:33:17-109
167                android:value="com.google.firebase.components.ComponentRegistrar" />
167-->[com.google.firebase:firebase-database:20.3.1] AndroidManifest.xml:34:17-82
168            <meta-data
168-->[com.google.firebase:firebase-installations:17.2.0] AndroidManifest.xml:15:13-17:85
169                android:name="com.google.firebase.components:com.google.firebase.installations.FirebaseInstallationsKtxRegistrar"
169-->[com.google.firebase:firebase-installations:17.2.0] AndroidManifest.xml:16:17-130
170                android:value="com.google.firebase.components.ComponentRegistrar" />
170-->[com.google.firebase:firebase-installations:17.2.0] AndroidManifest.xml:17:17-82
171            <meta-data
171-->[com.google.firebase:firebase-installations:17.2.0] AndroidManifest.xml:18:13-20:85
172                android:name="com.google.firebase.components:com.google.firebase.installations.FirebaseInstallationsRegistrar"
172-->[com.google.firebase:firebase-installations:17.2.0] AndroidManifest.xml:19:17-127
173                android:value="com.google.firebase.components.ComponentRegistrar" />
173-->[com.google.firebase:firebase-installations:17.2.0] AndroidManifest.xml:20:17-82
174            <meta-data
174-->[com.google.firebase:firebase-common-ktx:20.4.2] AndroidManifest.xml:12:13-14:85
175                android:name="com.google.firebase.components:com.google.firebase.ktx.FirebaseCommonLegacyRegistrar"
175-->[com.google.firebase:firebase-common-ktx:20.4.2] AndroidManifest.xml:13:17-116
176                android:value="com.google.firebase.components.ComponentRegistrar" />
176-->[com.google.firebase:firebase-common-ktx:20.4.2] AndroidManifest.xml:14:17-82
177            <meta-data
177-->[com.google.firebase:firebase-common:20.4.2] AndroidManifest.xml:35:13-37:85
178                android:name="com.google.firebase.components:com.google.firebase.FirebaseCommonKtxRegistrar"
178-->[com.google.firebase:firebase-common:20.4.2] AndroidManifest.xml:36:17-109
179                android:value="com.google.firebase.components.ComponentRegistrar" />
179-->[com.google.firebase:firebase-common:20.4.2] AndroidManifest.xml:37:17-82
180        </service>
181
182        <activity
182-->[com.google.firebase:firebase-auth:22.3.1] AndroidManifest.xml:29:9-46:20
183            android:name="com.google.firebase.auth.internal.GenericIdpActivity"
183-->[com.google.firebase:firebase-auth:22.3.1] AndroidManifest.xml:30:13-80
184            android:excludeFromRecents="true"
184-->[com.google.firebase:firebase-auth:22.3.1] AndroidManifest.xml:31:13-46
185            android:exported="true"
185-->[com.google.firebase:firebase-auth:22.3.1] AndroidManifest.xml:32:13-36
186            android:launchMode="singleTask"
186-->[com.google.firebase:firebase-auth:22.3.1] AndroidManifest.xml:33:13-44
187            android:theme="@android:style/Theme.Translucent.NoTitleBar" >
187-->[com.google.firebase:firebase-auth:22.3.1] AndroidManifest.xml:34:13-72
188            <intent-filter>
188-->[com.google.firebase:firebase-auth:22.3.1] AndroidManifest.xml:35:13-45:29
189                <action android:name="android.intent.action.VIEW" />
189-->[com.firebaseui:firebase-ui-auth:7.2.0] AndroidManifest.xml:93:17-69
189-->[com.firebaseui:firebase-ui-auth:7.2.0] AndroidManifest.xml:93:25-66
190
191                <category android:name="android.intent.category.DEFAULT" />
191-->[com.firebaseui:firebase-ui-auth:7.2.0] AndroidManifest.xml:95:17-76
191-->[com.firebaseui:firebase-ui-auth:7.2.0] AndroidManifest.xml:95:27-73
192                <category android:name="android.intent.category.BROWSABLE" />
192-->[com.firebaseui:firebase-ui-auth:7.2.0] AndroidManifest.xml:96:17-78
192-->[com.firebaseui:firebase-ui-auth:7.2.0] AndroidManifest.xml:96:27-75
193
194                <data
194-->[com.firebaseui:firebase-ui-auth:7.2.0] AndroidManifest.xml:98:17-81
195                    android:host="firebase.auth"
196                    android:path="/"
197                    android:scheme="genericidp" />
197-->[com.firebaseui:firebase-ui-auth:7.2.0] AndroidManifest.xml:98:23-78
198            </intent-filter>
199        </activity>
200        <activity
200-->[com.google.firebase:firebase-auth:22.3.1] AndroidManifest.xml:47:9-64:20
201            android:name="com.google.firebase.auth.internal.RecaptchaActivity"
201-->[com.google.firebase:firebase-auth:22.3.1] AndroidManifest.xml:48:13-79
202            android:excludeFromRecents="true"
202-->[com.google.firebase:firebase-auth:22.3.1] AndroidManifest.xml:49:13-46
203            android:exported="true"
203-->[com.google.firebase:firebase-auth:22.3.1] AndroidManifest.xml:50:13-36
204            android:launchMode="singleTask"
204-->[com.google.firebase:firebase-auth:22.3.1] AndroidManifest.xml:51:13-44
205            android:theme="@android:style/Theme.Translucent.NoTitleBar" >
205-->[com.google.firebase:firebase-auth:22.3.1] AndroidManifest.xml:52:13-72
206            <intent-filter>
206-->[com.google.firebase:firebase-auth:22.3.1] AndroidManifest.xml:53:13-63:29
207                <action android:name="android.intent.action.VIEW" />
207-->[com.firebaseui:firebase-ui-auth:7.2.0] AndroidManifest.xml:93:17-69
207-->[com.firebaseui:firebase-ui-auth:7.2.0] AndroidManifest.xml:93:25-66
208
209                <category android:name="android.intent.category.DEFAULT" />
209-->[com.firebaseui:firebase-ui-auth:7.2.0] AndroidManifest.xml:95:17-76
209-->[com.firebaseui:firebase-ui-auth:7.2.0] AndroidManifest.xml:95:27-73
210                <category android:name="android.intent.category.BROWSABLE" />
210-->[com.firebaseui:firebase-ui-auth:7.2.0] AndroidManifest.xml:96:17-78
210-->[com.firebaseui:firebase-ui-auth:7.2.0] AndroidManifest.xml:96:27-75
211
212                <data
212-->[com.firebaseui:firebase-ui-auth:7.2.0] AndroidManifest.xml:98:17-81
213                    android:host="firebase.auth"
214                    android:path="/"
215                    android:scheme="recaptcha" />
215-->[com.firebaseui:firebase-ui-auth:7.2.0] AndroidManifest.xml:98:23-78
216            </intent-filter>
217        </activity>
218
219        <property
219-->[com.google.android.gms:play-services-measurement-api:21.5.1] AndroidManifest.xml:30:9-32:61
220            android:name="android.adservices.AD_SERVICES_CONFIG"
220-->[com.google.android.gms:play-services-measurement-api:21.5.1] AndroidManifest.xml:31:13-65
221            android:resource="@xml/ga_ad_services_config" />
221-->[com.google.android.gms:play-services-measurement-api:21.5.1] AndroidManifest.xml:32:13-58
222
223        <activity
223-->[com.google.android.gms:play-services-auth:19.0.0] AndroidManifest.xml:23:9-27:75
224            android:name="com.google.android.gms.auth.api.signin.internal.SignInHubActivity"
224-->[com.google.android.gms:play-services-auth:19.0.0] AndroidManifest.xml:24:13-93
225            android:excludeFromRecents="true"
225-->[com.google.android.gms:play-services-auth:19.0.0] AndroidManifest.xml:25:13-46
226            android:exported="false"
226-->[com.google.android.gms:play-services-auth:19.0.0] AndroidManifest.xml:26:13-37
227            android:theme="@android:style/Theme.Translucent.NoTitleBar" />
227-->[com.google.android.gms:play-services-auth:19.0.0] AndroidManifest.xml:27:13-72
228        <!--
229            Service handling Google Sign-In user revocation. For apps that do not integrate with
230            Google Sign-In, this service will never be started.
231        -->
232        <service
232-->[com.google.android.gms:play-services-auth:19.0.0] AndroidManifest.xml:33:9-37:51
233            android:name="com.google.android.gms.auth.api.signin.RevocationBoundService"
233-->[com.google.android.gms:play-services-auth:19.0.0] AndroidManifest.xml:34:13-89
234            android:exported="true"
234-->[com.google.android.gms:play-services-auth:19.0.0] AndroidManifest.xml:35:13-36
235            android:permission="com.google.android.gms.auth.api.signin.permission.REVOCATION_NOTIFICATION"
235-->[com.google.android.gms:play-services-auth:19.0.0] AndroidManifest.xml:36:13-107
236            android:visibleToInstantApps="true" />
236-->[com.google.android.gms:play-services-auth:19.0.0] AndroidManifest.xml:37:13-48
237
238        <activity
238-->[com.google.android.gms:play-services-base:18.1.0] AndroidManifest.xml:20:9-22:45
239            android:name="com.google.android.gms.common.api.GoogleApiActivity"
239-->[com.google.android.gms:play-services-base:18.1.0] AndroidManifest.xml:20:19-85
240            android:exported="false"
240-->[com.google.android.gms:play-services-base:18.1.0] AndroidManifest.xml:22:19-43
241            android:theme="@android:style/Theme.Translucent.NoTitleBar" />
241-->[com.google.android.gms:play-services-base:18.1.0] AndroidManifest.xml:21:19-78
242
243        <provider
243-->[com.google.firebase:firebase-common:20.4.2] AndroidManifest.xml:23:9-28:39
244            android:name="com.google.firebase.provider.FirebaseInitProvider"
244-->[com.google.firebase:firebase-common:20.4.2] AndroidManifest.xml:24:13-77
245            android:authorities="com.bigOne.stayfitadmin.firebaseinitprovider"
245-->[com.google.firebase:firebase-common:20.4.2] AndroidManifest.xml:25:13-72
246            android:directBootAware="true"
246-->[com.google.firebase:firebase-common:20.4.2] AndroidManifest.xml:26:13-43
247            android:exported="false"
247-->[com.google.firebase:firebase-common:20.4.2] AndroidManifest.xml:27:13-37
248            android:initOrder="100" />
248-->[com.google.firebase:firebase-common:20.4.2] AndroidManifest.xml:28:13-36
249
250        <receiver
250-->[com.google.android.gms:play-services-measurement:21.5.1] AndroidManifest.xml:29:9-33:20